{
  "stats": {
    "suites": 6,
    "tests": 15,
    "passes": 15,
    "pending": 0,
    "failures": 0,
    "start": "2026-08-06T00:52:05.259Z",
    "end": "2026-08-06T00:57:44.108Z",
    "duration": 338849,
    "testsRegistered": 15,
    "passPercent": 100,
    "pendingPercent": 0,
    "other": 0,
    "hasOther": false,
    "skipped": 0,
    "hasSkipped": false
  },
  "results": [
    {
      "uuid": "513f8daa-67b8-4405-9513-5f64fa5e3087",
      "title": "",
      "fullFile": "C:\\Users\\PC\\tarea4-selenium-maxwell\\test\\VolleyAybarSeleniumTests.js",
      "file": "\\test\\VolleyAybarSeleniumTests.js",
      "beforeHooks": [],
      "afterHooks": [],
      "tests": [],
      "suites": [
        {
          "uuid": "3fd56f71-31d7-48d6-a334-97854c1272a4",
          "title": "Checklist de Pruebas Automatizadas - VolleyAybar",
          "fullFile": "C:\\Users\\PC\\tarea4-selenium-maxwell\\test\\VolleyAybarSeleniumTests.js",
          "file": "\\test\\VolleyAybarSeleniumTests.js",
          "beforeHooks": [
            {
              "title": "\"before all\" hook in \"Checklist de Pruebas Automatizadas - VolleyAybar\"",
              "fullTitle": "Checklist de Pruebas Automatizadas - VolleyAybar \"before all\" hook in \"Checklist de Pruebas Automatizadas - VolleyAybar\"",
              "timedOut": false,
              "duration": 5769,
              "state": null,
              "speed": null,
              "pass": false,
              "fail": false,
              "pending": false,
              "context": null,
              "code": "if (!fs.existsSync(rutaCapturas)) {\n    fs.mkdirSync(rutaCapturas, { recursive: true });\n}\nlet opcionesConfig = new chrome.Options();\nopcionesConfig.addArguments('--disable-extensions');\nopcionesConfig.addArguments('--disable-popup-blocking');\nopcionesConfig.addArguments('--log-level=3');\nopcionesConfig.setChromeBinaryPath('C:\\\\Program Files\\\\Avast Software\\\\Browser\\\\Application\\\\AvastBrowser.exe');\nnavegador = await new Builder()\n    .forBrowser('chrome')\n    .setChromeOptions(opcionesConfig)\n    .build();\nawait navegador.manage().window().maximize();",
              "err": {},
              "uuid": "807d236a-3f25-47e7-b8f6-ecd0520d30a3",
              "parentUUID": "3fd56f71-31d7-48d6-a334-97854c1272a4",
              "isHook": true,
              "skipped": false
            }
          ],
          "afterHooks": [
            {
              "title": "\"after all\" hook in \"Checklist de Pruebas Automatizadas - VolleyAybar\"",
              "fullTitle": "Checklist de Pruebas Automatizadas - VolleyAybar \"after all\" hook in \"Checklist de Pruebas Automatizadas - VolleyAybar\"",
              "timedOut": false,
              "duration": 60007,
              "state": null,
              "speed": null,
              "pass": false,
              "fail": false,
              "pending": false,
              "context": null,
              "code": "if (navegador) {\n    try {\n        await navegador.quit();\n    } catch (e) {}\n}\nsetTimeout(() => process.exit(0), 1000);",
              "err": {},
              "uuid": "91e5ad72-6e2d-4531-82d4-3caf119c8aec",
              "parentUUID": "3fd56f71-31d7-48d6-a334-97854c1272a4",
              "isHook": true,
              "skipped": false
            }
          ],
          "tests": [],
          "suites": [
            {
              "uuid": "9535179a-46df-4e91-b980-1cefdebf17c6",
              "title": "US-1: Login - Autenticación de Entrenador",
              "fullFile": "C:\\Users\\PC\\tarea4-selenium-maxwell\\test\\VolleyAybarSeleniumTests.js",
              "file": "\\test\\VolleyAybarSeleniumTests.js",
              "beforeHooks": [
                {
                  "title": "\"before each\" hook in \"US-1: Login - Autenticación de Entrenador\"",
                  "fullTitle": "Checklist de Pruebas Automatizadas - VolleyAybar US-1: Login - Autenticación de Entrenador \"before each\" hook in \"US-1: Login - Autenticación de Entrenador\"",
                  "timedOut": false,
                  "duration": 1604,
                  "state": null,
                  "speed": null,
                  "pass": false,
                  "fail": false,
                  "pending": false,
                  "context": null,
                  "code": "await recargarEntornoPrueba();",
                  "err": {},
                  "uuid": "5f0bf5be-53c1-4310-8583-9e5c717e6ac3",
                  "parentUUID": "9535179a-46df-4e91-b980-1cefdebf17c6",
                  "isHook": true,
                  "skipped": false
                }
              ],
              "afterHooks": [],
              "tests": [
                {
                  "title": "Camino Feliz: Iniciar sesión con credenciales correctas",
                  "fullTitle": "Checklist de Pruebas Automatizadas - VolleyAybar US-1: Login - Autenticación de Entrenador Camino Feliz: Iniciar sesión con credenciales correctas",
                  "timedOut": false,
                  "duration": 7031,
                  "state": "passed",
                  "speed": "slow",
                  "pass": true,
                  "fail": false,
                  "pending": false,
                  "context": null,
                  "code": "await navegador.findElement(By.id('auth-email')).sendKeys('entrenador@voley.com');\nawait esperar(1500);\nawait navegador.findElement(By.id('auth-pass')).sendKeys('123456');\nawait esperar(1500);\nawait navegador.findElement(By.id('btn-submit-auth')).click();\nconst panelDashboard = await navegador.wait(until.elementLocated(By.id('main-panel')), 10000);\nawait esperar(2500);\nassert.strictEqual(await panelDashboard.isDisplayed(), true);\nawait capturarPantallaEvidencia('US1_Camino_Feliz');",
                  "err": {},
                  "uuid": "4739462a-53c9-4afb-9340-020e82f4e96d",
                  "parentUUID": "9535179a-46df-4e91-b980-1cefdebf17c6",
                  "isHook": false,
                  "skipped": false
                },
                {
                  "title": "Prueba Negativa: Iniciar sesión con credenciales incorrectas",
                  "fullTitle": "Checklist de Pruebas Automatizadas - VolleyAybar US-1: Login - Autenticación de Entrenador Prueba Negativa: Iniciar sesión con credenciales incorrectas",
                  "timedOut": false,
                  "duration": 6202,
                  "state": "passed",
                  "speed": "slow",
                  "pass": true,
                  "fail": false,
                  "pending": false,
                  "context": null,
                  "code": "await navegador.findElement(By.id('auth-email')).sendKeys('error@voley.com');\nawait esperar(1500);\nawait navegador.findElement(By.id('auth-pass')).sendKeys('000000');\nawait esperar(1500);\nawait navegador.findElement(By.id('btn-submit-auth')).click();\nconst avisoError = await navegador.wait(until.elementLocated(By.id('auth-alert')), 10000);\nawait esperar(2500);\nassert.strictEqual((await avisoError.getText()).trim(), 'Credenciales incorrectas');\nawait capturarPantallaEvidencia('US1_Prueba_Negativa');",
                  "err": {},
                  "uuid": "8476704e-233f-483e-8dda-86a6566769bd",
                  "parentUUID": "9535179a-46df-4e91-b980-1cefdebf17c6",
                  "isHook": false,
                  "skipped": false
                },
                {
                  "title": "Prueba de Límites: Intentar login con campos vacíos",
                  "fullTitle": "Checklist de Pruebas Automatizadas - VolleyAybar US-1: Login - Autenticación de Entrenador Prueba de Límites: Intentar login con campos vacíos",
                  "timedOut": false,
                  "duration": 4374,
                  "state": "passed",
                  "speed": "slow",
                  "pass": true,
                  "fail": false,
                  "pending": false,
                  "context": null,
                  "code": "await esperar(1500);\nawait navegador.findElement(By.id('btn-submit-auth')).click();\nconst avisoError = await navegador.wait(until.elementLocated(By.id('auth-alert')), 10000);\nawait esperar(2500);\nassert.strictEqual((await avisoError.getText()).trim(), 'Campos obligatorios vacíos');\nawait capturarPantallaEvidencia('US1_Prueba_Limites');",
                  "err": {},
                  "uuid": "7038a921-a0b7-4386-8951-0a01499ae61a",
                  "parentUUID": "9535179a-46df-4e91-b980-1cefdebf17c6",
                  "isHook": false,
                  "skipped": false
                }
              ],
              "suites": [],
              "passes": [
                "4739462a-53c9-4afb-9340-020e82f4e96d",
                "8476704e-233f-483e-8dda-86a6566769bd",
                "7038a921-a0b7-4386-8951-0a01499ae61a"
              ],
              "failures": [],
              "pending": [],
              "skipped": [],
              "duration": 17607,
              "root": false,
              "rootEmpty": false,
              "_timeout": 360000
            },
            {
              "uuid": "6e2051c2-7747-4eac-921f-69474e6e5fd1",
              "title": "US-2: Create - Registro de Nuevo Atleta",
              "fullFile": "C:\\Users\\PC\\tarea4-selenium-maxwell\\test\\VolleyAybarSeleniumTests.js",
              "file": "\\test\\VolleyAybarSeleniumTests.js",
              "beforeHooks": [
                {
                  "title": "\"before each\" hook in \"US-2: Create - Registro de Nuevo Atleta\"",
                  "fullTitle": "Checklist de Pruebas Automatizadas - VolleyAybar US-2: Create - Registro de Nuevo Atleta \"before each\" hook in \"US-2: Create - Registro de Nuevo Atleta\"",
                  "timedOut": false,
                  "duration": 7024,
                  "state": null,
                  "speed": null,
                  "pass": false,
                  "fail": false,
                  "pending": false,
                  "context": null,
                  "code": "await iniciarSesionComoEntrenador();",
                  "err": {},
                  "uuid": "73612ac7-813c-43c0-b987-8e623fe423b3",
                  "parentUUID": "6e2051c2-7747-4eac-921f-69474e6e5fd1",
                  "isHook": true,
                  "skipped": false
                }
              ],
              "afterHooks": [],
              "tests": [
                {
                  "title": "Camino Feliz: Registrar jugador válido",
                  "fullTitle": "Checklist de Pruebas Automatizadas - VolleyAybar US-2: Create - Registro de Nuevo Atleta Camino Feliz: Registrar jugador válido",
                  "timedOut": false,
                  "duration": 6171,
                  "state": "passed",
                  "speed": "slow",
                  "pass": true,
                  "fail": false,
                  "pending": false,
                  "context": null,
                  "code": "await navegador.findElement(By.id('player-name')).sendKeys('Carlos Gómez');\nawait esperar(1500);\nawait navegador.findElement(By.id('player-number')).sendKeys('10');\nawait esperar(1500);\nawait navegador.findElement(By.id('btn-save')).click();\nconst columnaNombre = await navegador.wait(until.elementLocated(By.className('col-name')), 10000);\nawait esperar(2500);\nassert.strictEqual((await columnaNombre.getText()).trim(), 'Carlos Gómez');\nawait capturarPantallaEvidencia('US2_Camino_Feliz');",
                  "err": {},
                  "uuid": "b239f0ed-f0eb-4406-9d58-556992fe5bf6",
                  "parentUUID": "6e2051c2-7747-4eac-921f-69474e6e5fd1",
                  "isHook": false,
                  "skipped": false
                },
                {
                  "title": "Prueba Negativa: Intentar guardar sin datos",
                  "fullTitle": "Checklist de Pruebas Automatizadas - VolleyAybar US-2: Create - Registro de Nuevo Atleta Prueba Negativa: Intentar guardar sin datos",
                  "timedOut": false,
                  "duration": 2859,
                  "state": "passed",
                  "speed": "slow",
                  "pass": true,
                  "fail": false,
                  "pending": false,
                  "context": null,
                  "code": "await navegador.findElement(By.id('btn-save')).click();\nconst avisoError = await navegador.wait(until.elementLocated(By.id('panel-alert')), 10000);\nawait navegador.wait(until.elementTextIs(avisoError, 'Datos incompletos'), 10000);\nawait esperar(2500);\nassert.strictEqual((await avisoError.getText()).trim(), 'Datos incompletos');\nawait capturarPantallaEvidencia('US2_Prueba_Negativa');",
                  "err": {},
                  "uuid": "86206030-8016-467c-99fd-0573cc2e849f",
                  "parentUUID": "6e2051c2-7747-4eac-921f-69474e6e5fd1",
                  "isHook": false,
                  "skipped": false
                },
                {
                  "title": "Prueba de Límites: Número de camiseta fuera de rango",
                  "fullTitle": "Checklist de Pruebas Automatizadas - VolleyAybar US-2: Create - Registro de Nuevo Atleta Prueba de Límites: Número de camiseta fuera de rango",
                  "timedOut": false,
                  "duration": 6175,
                  "state": "passed",
                  "speed": "slow",
                  "pass": true,
                  "fail": false,
                  "pending": false,
                  "context": null,
                  "code": "await navegador.findElement(By.id('player-name')).sendKeys('Jugador Limite');\nawait esperar(1500);\nawait navegador.findElement(By.id('player-number')).sendKeys('150');\nawait esperar(1500);\nawait navegador.findElement(By.id('btn-save')).click();\nconst avisoError = await navegador.wait(until.elementLocated(By.id('panel-alert')), 10000);\nawait navegador.wait(until.elementTextIs(avisoError, 'Número fuera de rango de límite'), 10000);\nawait esperar(2500);\nassert.strictEqual((await avisoError.getText()).trim(), 'Número fuera de rango de límite');\nawait capturarPantallaEvidencia('US2_Prueba_Limites');",
                  "err": {},
                  "uuid": "c58183f0-9e73-4378-b828-f01a23acd75a",
                  "parentUUID": "6e2051c2-7747-4eac-921f-69474e6e5fd1",
                  "isHook": false,
                  "skipped": false
                }
              ],
              "suites": [],
              "passes": [
                "b239f0ed-f0eb-4406-9d58-556992fe5bf6",
                "86206030-8016-467c-99fd-0573cc2e849f",
                "c58183f0-9e73-4378-b828-f01a23acd75a"
              ],
              "failures": [],
              "pending": [],
              "skipped": [],
              "duration": 15205,
              "root": false,
              "rootEmpty": false,
              "_timeout": 360000
            },
            {
              "uuid": "4b3cf729-d3ed-4537-8834-3ce7141be075",
              "title": "US-3: Read - Consulta y Búsqueda de Atletas",
              "fullFile": "C:\\Users\\PC\\tarea4-selenium-maxwell\\test\\VolleyAybarSeleniumTests.js",
              "file": "\\test\\VolleyAybarSeleniumTests.js",
              "beforeHooks": [
                {
                  "title": "\"before each\" hook in \"US-3: Read - Consulta y Búsqueda de Atletas\"",
                  "fullTitle": "Checklist de Pruebas Automatizadas - VolleyAybar US-3: Read - Consulta y Búsqueda de Atletas \"before each\" hook in \"US-3: Read - Consulta y Búsqueda de Atletas\"",
                  "timedOut": false,
                  "duration": 7051,
                  "state": null,
                  "speed": null,
                  "pass": false,
                  "fail": false,
                  "pending": false,
                  "context": null,
                  "code": "await iniciarSesionComoEntrenador();",
                  "err": {},
                  "uuid": "b76e41cd-d12a-4c6c-bf4d-da9466f7e1e9",
                  "parentUUID": "4b3cf729-d3ed-4537-8834-3ce7141be075",
                  "isHook": true,
                  "skipped": false
                }
              ],
              "afterHooks": [],
              "tests": [
                {
                  "title": "Camino Feliz: Buscar jugador existente",
                  "fullTitle": "Checklist de Pruebas Automatizadas - VolleyAybar US-3: Read - Consulta y Búsqueda de Atletas Camino Feliz: Buscar jugador existente",
                  "timedOut": false,
                  "duration": 17634,
                  "state": "passed",
                  "speed": "slow",
                  "pass": true,
                  "fail": false,
                  "pending": false,
                  "context": null,
                  "code": "await registrarAtletaPrueba();\nconst campoBusqueda = await navegador.findElement(By.id('search-input'));\nawait campoBusqueda.sendKeys('Ana');\nawait esperar(2500);\nconst registrosFila = await navegador.findElements(By.className('player-row'));\nlet nombreEncontrado = '';\nfor (let fila of registrosFila) {\n    if (await fila.isDisplayed()) {\n        const celdaNombre = await fila.findElement(By.className('col-name'));\n        nombreEncontrado = (await celdaNombre.getText()).trim();\n        break;\n    }\n}\nassert.strictEqual(nombreEncontrado, 'Ana Martínez');\nawait capturarPantallaEvidencia('US3_Camino_Feliz');",
                  "err": {},
                  "uuid": "735b9432-430c-4861-b8dd-37374d113a57",
                  "parentUUID": "4b3cf729-d3ed-4537-8834-3ce7141be075",
                  "isHook": false,
                  "skipped": false
                },
                {
                  "title": "Prueba Negativa: Buscar término inexistente",
                  "fullTitle": "Checklist de Pruebas Automatizadas - VolleyAybar US-3: Read - Consulta y Búsqueda de Atletas Prueba Negativa: Buscar término inexistente",
                  "timedOut": false,
                  "duration": 17600,
                  "state": "passed",
                  "speed": "slow",
                  "pass": true,
                  "fail": false,
                  "pending": false,
                  "context": null,
                  "code": "await registrarAtletaPrueba();\nconst campoBusqueda = await navegador.findElement(By.id('search-input'));\nawait campoBusqueda.clear();\nawait campoBusqueda.sendKeys('XXXXX');\nawait navegador.executeScript(\"arguments[0].dispatchEvent(new Event('keyup'));\", campoBusqueda);\nawait esperar(2500);\nconst registrosFila = await navegador.findElements(By.className('player-row'));\nlet contadorVisibles = 0;\nfor (let fila of registrosFila) {\n    if (await fila.isDisplayed()) contadorVisibles++;\n}\nassert.strictEqual(contadorVisibles, 0);\nawait capturarPantallaEvidencia('US3_Prueba_Negativa');",
                  "err": {},
                  "uuid": "4dbe2874-aa3f-44b9-961a-a164c1c2de50",
                  "parentUUID": "4b3cf729-d3ed-4537-8834-3ce7141be075",
                  "isHook": false,
                  "skipped": false
                },
                {
                  "title": "Prueba de Límites: Buscar con caracteres especiales",
                  "fullTitle": "Checklist de Pruebas Automatizadas - VolleyAybar US-3: Read - Consulta y Búsqueda de Atletas Prueba de Límites: Buscar con caracteres especiales",
                  "timedOut": false,
                  "duration": 17650,
                  "state": "passed",
                  "speed": "slow",
                  "pass": true,
                  "fail": false,
                  "pending": false,
                  "context": null,
                  "code": "await registrarAtletaPrueba();\nconst campoBusqueda = await navegador.findElement(By.id('search-input'));\nawait campoBusqueda.clear();\nawait campoBusqueda.sendKeys('@#$%^&*()_+');\nawait navegador.executeScript(\"arguments[0].dispatchEvent(new Event('keyup'));\", campoBusqueda);\nawait esperar(2500);\nconst registrosFila = await navegador.findElements(By.className('player-row'));\nlet contadorVisibles = 0;\nfor (let fila of registrosFila) {\n    if (await fila.isDisplayed()) contadorVisibles++;\n}\nassert.strictEqual(contadorVisibles, 0);\nawait capturarPantallaEvidencia('US3_Prueba_Limites');",
                  "err": {},
                  "uuid": "c9f11507-c2b2-4089-b48c-e4621a37589c",
                  "parentUUID": "4b3cf729-d3ed-4537-8834-3ce7141be075",
                  "isHook": false,
                  "skipped": false
                }
              ],
              "suites": [],
              "passes": [
                "735b9432-430c-4861-b8dd-37374d113a57",
                "4dbe2874-aa3f-44b9-961a-a164c1c2de50",
                "c9f11507-c2b2-4089-b48c-e4621a37589c"
              ],
              "failures": [],
              "pending": [],
              "skipped": [],
              "duration": 52884,
              "root": false,
              "rootEmpty": false,
              "_timeout": 360000
            },
            {
              "uuid": "ca9d1d74-7b0c-45e5-8ce6-3489cb46547b",
              "title": "US-4: Update - Modificación de Atleta Existente",
              "fullFile": "C:\\Users\\PC\\tarea4-selenium-maxwell\\test\\VolleyAybarSeleniumTests.js",
              "file": "\\test\\VolleyAybarSeleniumTests.js",
              "beforeHooks": [
                {
                  "title": "\"before each\" hook in \"US-4: Update - Modificación de Atleta Existente\"",
                  "fullTitle": "Checklist de Pruebas Automatizadas - VolleyAybar US-4: Update - Modificación de Atleta Existente \"before each\" hook in \"US-4: Update - Modificación de Atleta Existente\"",
                  "timedOut": false,
                  "duration": 7110,
                  "state": null,
                  "speed": null,
                  "pass": false,
                  "fail": false,
                  "pending": false,
                  "context": null,
                  "code": "await iniciarSesionComoEntrenador();",
                  "err": {},
                  "uuid": "b2ec3fd1-4e53-47bd-b1a8-5c7043cb2bf2",
                  "parentUUID": "ca9d1d74-7b0c-45e5-8ce6-3489cb46547b",
                  "isHook": true,
                  "skipped": false
                }
              ],
              "afterHooks": [],
              "tests": [
                {
                  "title": "Camino Feliz: Actualizar datos de jugador",
                  "fullTitle": "Checklist de Pruebas Automatizadas - VolleyAybar US-4: Update - Modificación de Atleta Existente Camino Feliz: Actualizar datos de jugador",
                  "timedOut": false,
                  "duration": 12563,
                  "state": "passed",
                  "speed": "slow",
                  "pass": true,
                  "fail": false,
                  "pending": false,
                  "context": null,
                  "code": "await navegador.findElement(By.id('player-name')).sendKeys('Pedro Lopez');\nawait esperar(1500);\nawait navegador.findElement(By.id('player-number')).sendKeys('5');\nawait esperar(1500);\nawait navegador.findElement(By.id('btn-save')).click();\nconst botonEditar = await navegador.wait(until.elementLocated(By.className('btn-edit')), 10000);\nawait navegador.wait(until.elementIsVisible(botonEditar), 10000);\nawait esperar(1500);\nawait hacerClicSeguro(botonEditar);\nawait esperar(2000);\nconst inputNombre = await navegador.findElement(By.id('player-name'));\nawait inputNombre.clear();\nawait inputNombre.sendKeys('Pedro Lopez Editado');\nawait esperar(1500);\nawait navegador.findElement(By.id('btn-save')).click();\nawait esperar(2500);\nconst textoActualizado = await navegador.findElement(By.className('col-name')).getText();\nassert.strictEqual(textoActualizado.trim(), 'Pedro Lopez Editado');\nawait capturarPantallaEvidencia('US4_Camino_Feliz');",
                  "err": {},
                  "uuid": "cc664b3c-5ae4-400a-abfc-4149bb66ca08",
                  "parentUUID": "ca9d1d74-7b0c-45e5-8ce6-3489cb46547b",
                  "isHook": false,
                  "skipped": false
                },
                {
                  "title": "Prueba Negativa: Intentar guardar edición borrando campo obligatorio",
                  "fullTitle": "Checklist de Pruebas Automatizadas - VolleyAybar US-4: Update - Modificación de Atleta Existente Prueba Negativa: Intentar guardar edición borrando campo obligatorio",
                  "timedOut": false,
                  "duration": 12390,
                  "state": "passed",
                  "speed": "slow",
                  "pass": true,
                  "fail": false,
                  "pending": false,
                  "context": null,
                  "code": "await navegador.findElement(By.id('player-name')).sendKeys('Pedro Lopez');\nawait esperar(1500);\nawait navegador.findElement(By.id('player-number')).sendKeys('5');\nawait esperar(1500);\nawait navegador.findElement(By.id('btn-save')).click();\nconst botonEditar = await navegador.wait(until.elementLocated(By.className('btn-edit')), 10000);\nawait navegador.wait(until.elementIsVisible(botonEditar), 10000);\nawait esperar(1500);\nawait hacerClicSeguro(botonEditar);\nawait esperar(2000);\nconst inputNombre = await navegador.findElement(By.id('player-name'));\nawait inputNombre.clear();\nawait esperar(1500);\nawait navegador.findElement(By.id('btn-save')).click();\nconst avisoError = await navegador.wait(until.elementLocated(By.id('panel-alert')), 10000);\nawait navegador.wait(until.elementTextIs(avisoError, 'Datos incompletos'), 10000);\nawait esperar(2500);\nassert.strictEqual((await avisoError.getText()).trim(), 'Datos incompletos');\nawait capturarPantallaEvidencia('US4_Prueba_Negativa');",
                  "err": {},
                  "uuid": "ce4b794a-d5b4-4a90-a603-859ae3f8d9fd",
                  "parentUUID": "ca9d1d74-7b0c-45e5-8ce6-3489cb46547b",
                  "isHook": false,
                  "skipped": false
                },
                {
                  "title": "Prueba de Límites: Editar con un nombre de longitud máxima",
                  "fullTitle": "Checklist de Pruebas Automatizadas - VolleyAybar US-4: Update - Modificación de Atleta Existente Prueba de Límites: Editar con un nombre de longitud máxima",
                  "timedOut": false,
                  "duration": 12612,
                  "state": "passed",
                  "speed": "slow",
                  "pass": true,
                  "fail": false,
                  "pending": false,
                  "context": null,
                  "code": "await navegador.findElement(By.id('player-name')).sendKeys('Pedro Lopez');\nawait esperar(1500);\nawait navegador.findElement(By.id('player-number')).sendKeys('5');\nawait esperar(1500);\nawait navegador.findElement(By.id('btn-save')).click();\nconst botonEditar = await navegador.wait(until.elementLocated(By.className('btn-edit')), 10000);\nawait navegador.wait(until.elementIsVisible(botonEditar), 10000);\nawait esperar(1500);\nawait hacerClicSeguro(botonEditar);\nawait esperar(2000);\nconst cadenaExtensa = 'Alexander De La Cruz Morales';\nconst inputNombre = await navegador.findElement(By.id('player-name'));\nawait inputNombre.clear();\nawait inputNombre.sendKeys(cadenaExtensa);\nawait esperar(1500);\nawait navegador.findElement(By.id('btn-save')).click();\nawait esperar(2500);\nconst textoActualizado = await navegador.findElement(By.className('col-name')).getText();\nassert.strictEqual(textoActualizado.trim(), cadenaExtensa);\nawait capturarPantallaEvidencia('US4_Prueba_Limites');",
                  "err": {},
                  "uuid": "3bf1025e-a5ff-47e4-999c-1b1512a78855",
                  "parentUUID": "ca9d1d74-7b0c-45e5-8ce6-3489cb46547b",
                  "isHook": false,
                  "skipped": false
                }
              ],
              "suites": [],
              "passes": [
                "cc664b3c-5ae4-400a-abfc-4149bb66ca08",
                "ce4b794a-d5b4-4a90-a603-859ae3f8d9fd",
                "3bf1025e-a5ff-47e4-999c-1b1512a78855"
              ],
              "failures": [],
              "pending": [],
              "skipped": [],
              "duration": 37565,
              "root": false,
              "rootEmpty": false,
              "_timeout": 360000
            },
            {
              "uuid": "5e452700-65f5-426f-9af8-f946bc0def31",
              "title": "US-5: Delete - Eliminación de Atleta",
              "fullFile": "C:\\Users\\PC\\tarea4-selenium-maxwell\\test\\VolleyAybarSeleniumTests.js",
              "file": "\\test\\VolleyAybarSeleniumTests.js",
              "beforeHooks": [
                {
                  "title": "\"before each\" hook in \"US-5: Delete - Eliminación de Atleta\"",
                  "fullTitle": "Checklist de Pruebas Automatizadas - VolleyAybar US-5: Delete - Eliminación de Atleta \"before each\" hook in \"US-5: Delete - Eliminación de Atleta\"",
                  "timedOut": false,
                  "duration": 7006,
                  "state": null,
                  "speed": null,
                  "pass": false,
                  "fail": false,
                  "pending": false,
                  "context": null,
                  "code": "await iniciarSesionComoEntrenador();",
                  "err": {},
                  "uuid": "95f87f53-bf89-45c0-8be4-53fa5184e4f1",
                  "parentUUID": "5e452700-65f5-426f-9af8-f946bc0def31",
                  "isHook": true,
                  "skipped": false
                }
              ],
              "afterHooks": [],
              "tests": [
                {
                  "title": "Camino Feliz: Eliminar un jugador de la lista",
                  "fullTitle": "Checklist de Pruebas Automatizadas - VolleyAybar US-5: Delete - Eliminación de Atleta Camino Feliz: Eliminar un jugador de la lista",
                  "timedOut": false,
                  "duration": 13814,
                  "state": "passed",
                  "speed": "slow",
                  "pass": true,
                  "fail": false,
                  "pending": false,
                  "context": null,
                  "code": "await navegador.findElement(By.id('player-name')).sendKeys('Jugador A Borrar');\nawait esperar(1500);\nawait navegador.findElement(By.id('player-number')).sendKeys('9');\nawait esperar(1500);\nawait navegador.findElement(By.id('btn-save')).click();\nconst botonEliminar = await navegador.wait(until.elementLocated(By.className('btn-danger')), 10000);\nawait navegador.wait(until.elementIsVisible(botonEliminar), 10000);\nawait esperar(1500);\nawait hacerClicSeguro(botonEliminar);\nawait navegador.wait(until.alertIsPresent(), 15000);\nawait esperar(2000);\nawait navegador.switchTo().alert().accept();\nawait esperar(2000);\nconst registrosFila = await navegador.findElements(By.className('player-row'));\nassert.strictEqual(registrosFila.length, 0);\nawait capturarPantallaEvidencia('US5_Camino_Feliz');\nawait navegador.executeScript(\"localStorage.clear();\");\nawait recargarEntornoPrueba();\nawait esperar(2000);",
                  "err": {},
                  "uuid": "5c5407f4-3df5-414c-98ce-dc9c932019c2",
                  "parentUUID": "5e452700-65f5-426f-9af8-f946bc0def31",
                  "isHook": false,
                  "skipped": false
                },
                {
                  "title": "Prueba Negativa: Cancelar la alerta de eliminación",
                  "fullTitle": "Checklist de Pruebas Automatizadas - VolleyAybar US-5: Delete - Eliminación de Atleta Prueba Negativa: Cancelar la alerta de eliminación",
                  "timedOut": false,
                  "duration": 13739,
                  "state": "passed",
                  "speed": "slow",
                  "pass": true,
                  "fail": false,
                  "pending": false,
                  "context": null,
                  "code": "await navegador.findElement(By.id('player-name')).sendKeys('Jugador No Borrar');\nawait esperar(1500);\nawait navegador.findElement(By.id('player-number')).sendKeys('9');\nawait esperar(1500);\nawait navegador.findElement(By.id('btn-save')).click();\nconst botonEliminar = await navegador.wait(until.elementLocated(By.className('btn-danger')), 10000);\nawait navegador.wait(until.elementIsVisible(botonEliminar), 10000);\nawait esperar(1500);\nawait hacerClicSeguro(botonEliminar);\nawait navegador.wait(until.alertIsPresent(), 15000);\nawait esperar(2000);\nawait navegador.switchTo().alert().dismiss();\nawait esperar(2000);\nconst registrosFila = await navegador.findElements(By.className('player-row'));\nassert.strictEqual(registrosFila.length, 1);\nawait capturarPantallaEvidencia('US5_Prueba_Negativa');\nawait navegador.executeScript(\"localStorage.clear();\");\nawait recargarEntornoPrueba();\nawait esperar(2000);",
                  "err": {},
                  "uuid": "b9d06fba-20ea-47e6-b0f6-d31946970027",
                  "parentUUID": "5e452700-65f5-426f-9af8-f946bc0def31",
                  "isHook": false,
                  "skipped": false
                },
                {
                  "title": "Prueba de Límites: Eliminar múltiples atletas de forma sucesiva hasta vaciar la lista",
                  "fullTitle": "Checklist de Pruebas Automatizadas - VolleyAybar US-5: Delete - Eliminación de Atleta Prueba de Límites: Eliminar múltiples atletas de forma sucesiva hasta vaciar la lista",
                  "timedOut": false,
                  "duration": 32350,
                  "state": "passed",
                  "speed": "slow",
                  "pass": true,
                  "fail": false,
                  "pending": false,
                  "context": null,
                  "code": "await registrarAtletaPrueba();\nconst botonesEliminar = await navegador.findElements(By.className('btn-danger'));\n\nfor (let i = 0; i < botonesEliminar.length; i++) {\n    const btnActual = await navegador.findElement(By.className('btn-danger'));\n    await hacerClicSeguro(btnActual);\n    \n    await navegador.wait(until.alertIsPresent(), 15000);\n    await esperar(1000);\n    await navegador.switchTo().alert().accept();\n    await esperar(1500);\n}\nconst registrosFila = await navegador.findElements(By.className('player-row'));\nlet contadorVisibles = 0;\nfor (let fila of registrosFila) {\n    if (await fila.isDisplayed()) contadorVisibles++;\n}\nassert.strictEqual(contadorVisibles, 0);\nawait capturarPantallaEvidencia('US5_Prueba_Limites');\nawait navegador.executeScript(\"localStorage.clear();\");\nawait recargarEntornoPrueba();\nawait esperar(2000);",
                  "err": {},
                  "uuid": "e8e62b96-1e07-4ecf-9b1f-da3049a54227",
                  "parentUUID": "5e452700-65f5-426f-9af8-f946bc0def31",
                  "isHook": false,
                  "skipped": false
                }
              ],
              "suites": [],
              "passes": [
                "5c5407f4-3df5-414c-98ce-dc9c932019c2",
                "b9d06fba-20ea-47e6-b0f6-d31946970027",
                "e8e62b96-1e07-4ecf-9b1f-da3049a54227"
              ],
              "failures": [],
              "pending": [],
              "skipped": [],
              "duration": 59903,
              "root": false,
              "rootEmpty": false,
              "_timeout": 360000
            }
          ],
          "passes": [],
          "failures": [],
          "pending": [],
          "skipped": [],
          "duration": 0,
          "root": false,
          "rootEmpty": false,
          "_timeout": 360000
        }
      ],
      "passes": [],
      "failures": [],
      "pending": [],
      "skipped": [],
      "duration": 0,
      "root": true,
      "rootEmpty": true,
      "_timeout": 60000
    }
  ],
  "meta": {
    "mocha": {
      "version": "11.7.6"
    },
    "mochawesome": {
      "options": {
        "quiet": false,
        "reportFilename": "index",
        "saveHtml": true,
        "saveJson": true,
        "consoleReporter": "spec",
        "useInlineDiffs": false,
        "code": true
      },
      "version": "8.0.1"
    },
    "marge": {
      "options": {
        "reportDir": "mochawesome-report",
        "reportFilename": "index"
      },
      "version": "6.3.2"
    }
  }
}